#
# A fatal error has been detected by the Java Runtime Environment:
#
#  EXCEPTION_ACCESS_VIOLATION (0xc0000005) at pc=0x00007ff8cdd11f0f, pid=19260, tid=0x00000000000037d8
#
# JRE version: Java(TM) SE Runtime Environment (8.0_211-b12) (build 1.8.0_211-b12)
# Java VM: Java HotSpot(TM) 64-Bit Server VM (25.211-b12 mixed mode windows-amd64 compressed oops)
# Problematic frame:
# C  [7FAF.tmp+0x1f0f]
#
# Failed to write core dump. Minidumps are not enabled by default on client versions of Windows
#
# If you would like to submit a bug report, please visit:
#   http://bugreport.java.com/bugreport/crash.jsp
#

---------------  T H R E A D  ---------------

Current thread (0x000000001bba5800):  VMThread [stack: 0x000000001e300000,0x000000001e400000] [id=14296]

siginfo: ExceptionCode=0xc0000005, reading address 0x00007ff927459dd0

Registers:
RAX=0x00007ff927459dc0, RBX=0x000000007ffe0385, RCX=0x000000002548cc38, RDX=0x0000000000000000
RSP=0x000000001e3ff100, RBP=0x000000001ba35400, RSI=0x00007ff8cdd10000, RDI=0x0000000000000000
R8 =0x0000000000000001, R9 =0x0000000000000001, R10=0x000000007ffe0384, R11=0x000000001e3ff170
R12=0x00007ff8cdd122e4, R13=0x0000000001221658, R14=0x0000000000000001, R15=0x0000000000000001
RIP=0x00007ff8cdd11f0f, EFLAGS=0x0000000000010246

Top of Stack: (sp=0x000000001e3ff100)
0x000000001e3ff100:   0000000002360fb8 00007ff9311db000
0x000000001e3ff110:   00007ff9311db6c0 00007ff9333a9993
0x000000001e3ff120:   0000000000000001 00007ff8cdd121f9
0x000000001e3ff130:   00007ff931160000 0000000000000000
0x000000001e3ff140:   0000000000000000 0000000000000001
0x000000001e3ff150:   0000000000000000 0000000000000000
0x000000001e3ff160:   0000000000000001 00000502575b9061
0x000000001e3ff170:   00007ff8cdd10000 000000007ffe0384
0x000000001e3ff180:   0000000000000000 00007ff9333a9a1d
0x000000001e3ff190:   00007ff8cdd10000 0000000000000000
0x000000001e3ff1a0:   0000000000000001 000000007ffe0385
0x000000001e3ff1b0:   0000000002360fb8 000000001ba35400
0x000000001e3ff1c0:   0000050200000000 000000000124c680
0x000000001e3ff1d0:   0000000000000000 00007ff8cdd122e4
0x000000001e3ff1e0:   0000000000000000 0000000001264f70
0x000000001e3ff1f0:   0000000001221600 00007ff9333edcec 

Instructions: (pc=0x00007ff8cdd11f0f)
0x00007ff8cdd11eef:   01 00 00 00 48 83 c4 28 c3 85 d2 75 3a 83 3d 11
0x00007ff8cdd11eff:   ac 01 00 01 75 31 48 8b 0d fc ab 01 00 48 8b 01
0x00007ff8cdd11f0f:   ff 50 10 48 8b 0d ff ab 01 00 48 8b 01 ff 50 10
0x00007ff8cdd11f1f:   48 8b 0d da ab 01 00 48 8b 01 ff 50 10 c7 05 de 


Register to memory mapping:

RAX=0x00007ff927459dc0 is an unknown value
RBX=0x000000007ffe0385 is an unknown value
RCX=0x000000002548cc38 is an unknown value
RDX=0x0000000000000000 is an unknown value
RSP=0x000000001e3ff100 is an unknown value
RBP=0x000000001ba35400 is an unknown value
RSI=0x00007ff8cdd10000 is an unknown value
RDI=0x0000000000000000 is an unknown value
R8 =0x0000000000000001 is an unknown value
R9 =0x0000000000000001 is an unknown value
R10=0x000000007ffe0384 is an unknown value
R11=0x000000001e3ff170 is an unknown value
R12=0x00007ff8cdd122e4 is an unknown value
R13=0x0000000001221658 is an unknown value
R14=0x0000000000000001 is an unknown value
R15=0x0000000000000001 is an unknown value


Stack: [0x000000001e300000,0x000000001e400000],  sp=0x000000001e3ff100,  free space=1020k
Native frames: (J=compiled Java code, j=interpreted, Vv=VM code, C=native code)
C  [7FAF.tmp+0x1f0f]
C  [7FAF.tmp+0x21f9]
C  [ntdll.dll+0x19a1d]
C  [ntdll.dll+0x5dcec]
C  [ntdll.dll+0x5da7d]
C  [KERNEL32.DLL+0x1e82b]
C  [msvcr100.dll+0x20ccd]
V  [jvm.dll+0x2140d5]
V  [jvm.dll+0x24d5f7]
V  [jvm.dll+0x24c896]
V  [jvm.dll+0x24cd31]
V  [jvm.dll+0x24cf4e]
V  [jvm.dll+0x29fc6a]
C  [msvcr100.dll+0x21d9f]
C  [msvcr100.dll+0x21e3b]
C  [KERNEL32.DLL+0x17614]
C  [ntdll.dll+0x526a1]

VM_Operation (0x000000002893ced0): Exit, mode: safepoint, requested by thread 0x000000001f189000


---------------  P R O C E S S  ---------------

Java Threads: ( => current thread )
  0x000000000122e800 JavaThread "DestroyJavaVM" [_thread_blocked, id=7324, stack(0x0000000003000000,0x0000000003100000)]
  0x000000001f189000 JavaThread "AWT-EventQueue-0" [_thread_blocked, id=5908, stack(0x0000000028840000,0x0000000028940000)]
  0x000000001f07d000 JavaThread "AWT-Shutdown" [_thread_blocked, id=4760, stack(0x000000001f940000,0x000000001fa40000)]
  0x000000001f0d9000 JavaThread "Java2D Disposer" daemon [_thread_blocked, id=15512, stack(0x000000001f840000,0x000000001f940000)]
  0x000000001d333800 JavaThread "Service Thread" daemon [_thread_blocked, id=12164, stack(0x000000001ed00000,0x000000001ee00000)]
  0x000000001d2b3800 JavaThread "C1 CompilerThread3" daemon [_thread_blocked, id=17136, stack(0x000000001ec00000,0x000000001ed00000)]
  0x000000001d2a6800 JavaThread "C2 CompilerThread2" daemon [_thread_blocked, id=3012, stack(0x000000001eb00000,0x000000001ec00000)]
  0x000000001d29d000 JavaThread "C2 CompilerThread1" daemon [_thread_blocked, id=2392, stack(0x000000001ea00000,0x000000001eb00000)]
  0x000000001d296800 JavaThread "C2 CompilerThread0" daemon [_thread_blocked, id=11716, stack(0x000000001e900000,0x000000001ea00000)]
  0x000000001d295000 JavaThread "Attach Listener" daemon [_thread_blocked, id=7896, stack(0x000000001e800000,0x000000001e900000)]
  0x000000001d293000 JavaThread "Signal Dispatcher" daemon [_thread_blocked, id=7356, stack(0x000000001e700000,0x000000001e800000)]
  0x000000001bbb3000 JavaThread "Finalizer" daemon [_thread_blocked, id=13588, stack(0x000000001e500000,0x000000001e600000)]
  0x000000001d283000 JavaThread "Reference Handler" daemon [_thread_blocked, id=5040, stack(0x000000001e400000,0x000000001e500000)]

Other Threads:
=>0x000000001bba5800 VMThread [stack: 0x000000001e300000,0x000000001e400000] [id=14296]

VM state:at safepoint (shutting down)

VM Mutex/Monitor currently owned by a thread:  ([mutex/lock_event])
[0x000000000122d3c0] Threads_lock - owner thread: 0x000000001bba5800

heap address: 0x00000006e2400000, size: 3548 MB, Compressed Oops mode: Zero based, Oop shift amount: 3
Narrow klass base: 0x0000000000000000, Narrow klass shift: 3
Compressed class space size: 1073741824 Address: 0x00000007c0000000

Heap:
 PSYoungGen      total 66560K, used 12618K [0x0000000776180000, 0x000000077ab80000, 0x00000007c0000000)
  eden space 57344K, 22% used [0x0000000776180000,0x0000000776dd29a8,0x0000000779980000)
  from space 9216K, 0% used [0x000000077a280000,0x000000077a280000,0x000000077ab80000)
  to   space 9216K, 0% used [0x0000000779980000,0x0000000779980000,0x000000077a280000)
 ParOldGen       total 151552K, used 0K [0x00000006e2400000, 0x00000006eb800000, 0x0000000776180000)
  object space 151552K, 0% used [0x00000006e2400000,0x00000006e2400000,0x00000006eb800000)
 Metaspace       used 8705K, capacity 8892K, committed 9088K, reserved 1056768K
  class space    used 1037K, capacity 1130K, committed 1152K, reserved 1048576K

Card table byte_map: [0x0000000012660000,0x0000000012d50000] byte_map_base: 0x000000000ef4e000

Marking Bits: (ParMarkBitMap*) 0x00000000758e5ce0
 Begin Bits: [0x0000000013bf0000, 0x0000000017360000)
 End Bits:   [0x0000000017360000, 0x000000001aad0000)

Polling page: 0x0000000000de0000

CodeCache: size=245760Kb used=2135Kb max_used=2135Kb free=243624Kb
 bounds [0x00000000032a0000, 0x0000000003510000, 0x00000000122a0000]
 total_blobs=881 nmethods=441 adapters=354
 compilation: enabled

Compilation events (10 events):
Event: 8.220 Thread 0x000000001d2b3800  436       3       sun.awt.SunToolkit::targetToPeer (20 bytes)
Event: 8.220 Thread 0x000000001d2b3800 nmethod 436 0x00000000034b1dd0 code [0x00000000034b1fa0, 0x00000000034b26d8]
Event: 8.227 Thread 0x000000001d2b3800  437   !   3       sun.awt.GlobalCursorManager::_updateCursor (165 bytes)
Event: 8.228 Thread 0x000000001d2b3800 nmethod 437 0x00000000034b2c90 code [0x00000000034b2f80, 0x00000000034b4918]
Event: 8.228 Thread 0x000000001d2b3800  439       3       java.awt.Component$1::getLocation (5 bytes)
Event: 8.229 Thread 0x000000001d2b3800 nmethod 439 0x00000000034b5610 code [0x00000000034b57a0, 0x00000000034b5b30]
Event: 8.229 Thread 0x000000001d2b3800  440       3       java.awt.Component::access$100 (5 bytes)
Event: 8.229 Thread 0x000000001d2b3800 nmethod 440 0x00000000034b5d90 code [0x00000000034b5f00, 0x00000000034b6210]
Event: 8.251 Thread 0x000000001d2b3800  441       3       java.security.AccessControlContext::<init> (30 bytes)
Event: 8.251 Thread 0x000000001d2b3800 nmethod 441 0x00000000034b63d0 code [0x00000000034b6520, 0x00000000034b6730]

GC Heap History (0 events):
No events

Deoptimization events (1 events):
Event: 0.233 Thread 0x000000000122e800 Uncommon trap: reason=null_check action=make_not_entrant pc=0x00000000034124ec method=java.lang.String.equals(Ljava/lang/Object;)Z @ 8

Classes redefined (0 events):
No events

Internal exceptions (10 events):
Event: 0.021 Thread 0x000000000122e800 Exception <a 'java/lang/NoSuchMethodError': Method sun.misc.Unsafe.prefetchRead(Ljava/lang/Object;J)V name or signature does not match> (0x0000000776187f98) thrown at [C:\re\workspace\8-2-build-windows-amd64-cygwin\jdk8u211\12973\hotspot\src\share\vm\prim
Event: 0.056 Thread 0x000000000122e800 Exception <a 'java/security/PrivilegedActionException'> (0x00000007762014e0) thrown at [C:\re\workspace\8-2-build-windows-amd64-cygwin\jdk8u211\12973\hotspot\src\share\vm\prims\jvm.cpp, line 1502]
Event: 0.057 Thread 0x000000000122e800 Exception <a 'java/security/PrivilegedActionException'> (0x00000007762016f0) thrown at [C:\re\workspace\8-2-build-windows-amd64-cygwin\jdk8u211\12973\hotspot\src\share\vm\prims\jvm.cpp, line 1502]
Event: 0.057 Thread 0x000000000122e800 Exception <a 'java/security/PrivilegedActionException'> (0x0000000776205600) thrown at [C:\re\workspace\8-2-build-windows-amd64-cygwin\jdk8u211\12973\hotspot\src\share\vm\prims\jvm.cpp, line 1502]
Event: 0.057 Thread 0x000000000122e800 Exception <a 'java/security/PrivilegedActionException'> (0x0000000776205810) thrown at [C:\re\workspace\8-2-build-windows-amd64-cygwin\jdk8u211\12973\hotspot\src\share\vm\prims\jvm.cpp, line 1502]
Event: 0.060 Thread 0x000000000122e800 Exception <a 'java/io/FileNotFoundException'> (0x0000000776207ae0) thrown at [C:\re\workspace\8-2-build-windows-amd64-cygwin\jdk8u211\12973\hotspot\src\share\vm\prims\jni.cpp, line 710]
Event: 0.080 Thread 0x000000000122e800 Exception <a 'java/lang/NoSuchFieldError': method resolution failed> (0x00000007763f7178) thrown at [C:\re\workspace\8-2-build-windows-amd64-cygwin\jdk8u211\12973\hotspot\src\share\vm\prims\methodHandles.cpp, line 1167]
Event: 0.082 Thread 0x000000000122e800 Exception <a 'java/lang/NoSuchFieldError': method resolution failed> (0x0000000776404548) thrown at [C:\re\workspace\8-2-build-windows-amd64-cygwin\jdk8u211\12973\hotspot\src\share\vm\prims\methodHandles.cpp, line 1167]
Event: 0.106 Thread 0x000000000122e800 Exception <a 'java/io/FileNotFoundException'> (0x000000077649df70) thrown at [C:\re\workspace\8-2-build-windows-amd64-cygwin\jdk8u211\12973\hotspot\src\share\vm\prims\jni.cpp, line 710]
Event: 0.233 Thread 0x000000000122e800 Implicit null exception at 0x000000000341231b to 0x00000000034124dd

Events (10 events):
Event: 5.274 Thread 0x000000001f102800 Thread exited: 0x000000001f102800
Event: 8.720 Thread 0x000000001f2b5800 Thread added: 0x000000001f2b5800
Event: 8.720 Thread 0x000000001f2b6000 Thread added: 0x000000001f2b6000
Event: 8.720 Thread 0x000000001f2b6000 Thread exited: 0x000000001f2b6000
Event: 8.720 Thread 0x000000001f087000 Thread exited: 0x000000001f087000
Event: 8.720 loading class sun/java2d/pipe/hw/AccelDeviceEventNotifier
Event: 8.720 loading class sun/java2d/pipe/hw/AccelDeviceEventNotifier done
Event: 8.746 Thread 0x000000001f07d800 Thread exited: 0x000000001f07d800
Event: 8.821 Thread 0x000000001f2b5800 Thread exited: 0x000000001f2b5800
Event: 8.821 Executing VM operation: Exit


Dynamic libraries:
0x00007ff662d30000 - 0x00007ff662d67000 	C:\Program Files\Java\jdk1.8.0_211\bin\java.exe
0x00007ff933390000 - 0x00007ff933588000 	C:\Windows\SYSTEM32\ntdll.dll
0x00007ff932bf0000 - 0x00007ff932caf000 	C:\Windows\System32\KERNEL32.DLL
0x00007ff930db0000 - 0x00007ff9310a6000 	C:\Windows\System32\KERNELBASE.dll
0x00007ff931c50000 - 0x00007ff931cff000 	C:\Windows\System32\ADVAPI32.dll
0x00007ff9331b0000 - 0x00007ff93324e000 	C:\Windows\System32\msvcrt.dll
0x00007ff932380000 - 0x00007ff93241c000 	C:\Windows\System32\sechost.dll
0x00007ff931d00000 - 0x00007ff931e26000 	C:\Windows\System32\RPCRT4.dll
0x00007ff9319e0000 - 0x00007ff931b7d000 	C:\Windows\System32\USER32.dll
0x00007ff930a70000 - 0x00007ff930a92000 	C:\Windows\System32\win32u.dll
0x00007ff9319b0000 - 0x00007ff9319dc000 	C:\Windows\System32\GDI32.dll
0x00007ff930c90000 - 0x00007ff930da5000 	C:\Windows\System32\gdi32full.dll
0x00007ff931350000 - 0x00007ff9313ed000 	C:\Windows\System32\msvcp_win.dll
0x00007ff930aa0000 - 0x00007ff930ba0000 	C:\Windows\System32\ucrtbase.dll
0x00007ff91ee90000 - 0x00007ff91f12a000 	C:\Windows\WinSxS\amd64_microsoft.windows.common-controls_6595b64144ccf1df_6.0.19041.1110_none_60b5254171f9507e\COMCTL32.dll
0x00007ff933320000 - 0x00007ff933350000 	C:\Windows\System32\IMM32.DLL
0x0000000074fe0000 - 0x00000000750b2000 	C:\Program Files\Java\jdk1.8.0_211\jre\bin\msvcr100.dll
0x00000000750c0000 - 0x0000000075965000 	C:\Program Files\Java\jdk1.8.0_211\jre\bin\server\jvm.dll
0x00007ff931c30000 - 0x00007ff931c38000 	C:\Windows\System32\PSAPI.DLL
0x00007ff8f6dc0000 - 0x00007ff8f6dc9000 	C:\Windows\SYSTEM32\WSOCK32.dll
0x00007ff925e90000 - 0x00007ff925eb7000 	C:\Windows\SYSTEM32\WINMM.dll
0x00007ff925ec0000 - 0x00007ff925eca000 	C:\Windows\SYSTEM32\VERSION.dll
0x00007ff933140000 - 0x00007ff9331ab000 	C:\Windows\System32\WS2_32.dll
0x00007ff92b800000 - 0x00007ff92b80f000 	C:\Program Files\Java\jdk1.8.0_211\jre\bin\verify.dll
0x00007ff90a580000 - 0x00007ff90a5a9000 	C:\Program Files\Java\jdk1.8.0_211\jre\bin\java.dll
0x00007ff90a830000 - 0x00007ff90a846000 	C:\Program Files\Java\jdk1.8.0_211\jre\bin\zip.dll
0x00007ff932420000 - 0x00007ff932b64000 	C:\Windows\System32\SHELL32.dll
0x00007ff92eaf0000 - 0x00007ff92f283000 	C:\Windows\SYSTEM32\windows.storage.dll
0x00007ff9315a0000 - 0x00007ff9318f4000 	C:\Windows\System32\combase.dll
0x00007ff9303f0000 - 0x00007ff93041e000 	C:\Windows\SYSTEM32\Wldp.dll
0x00007ff931900000 - 0x00007ff9319ad000 	C:\Windows\System32\SHCORE.dll
0x00007ff932f70000 - 0x00007ff932fc5000 	C:\Windows\System32\shlwapi.dll
0x00007ff9309b0000 - 0x00007ff9309cf000 	C:\Windows\SYSTEM32\profapi.dll
0x00007ff8c0390000 - 0x00007ff8c0529000 	C:\Program Files\Java\jdk1.8.0_211\jre\bin\awt.dll
0x00007ff933250000 - 0x00007ff93331d000 	C:\Windows\System32\OLEAUT32.dll
0x00007ff92e230000 - 0x00007ff92e2c1000 	C:\Windows\SYSTEM32\apphelp.dll
0x00007ff92e7e0000 - 0x00007ff92e80f000 	C:\Windows\system32\DWMAPI.DLL
0x00007ff92e330000 - 0x00007ff92e3ce000 	C:\Windows\system32\uxtheme.dll
0x00007ff8cdd60000 - 0x00007ff8cde85000 	C:\Windows\system32\opengl32.dll
0x00007ff8fa0a0000 - 0x00007ff8fa0cc000 	C:\Windows\SYSTEM32\GLU32.dll
0x00007ff8cdd10000 - 0x00007ff8cdd32000 	C:\Users\Vitaliy\AppData\Local\Temp\7FAF.tmp
0x00007ff932d20000 - 0x00007ff932e4a000 	C:\Windows\System32\ole32.dll
0x00007ff930360000 - 0x00007ff93036c000 	C:\Windows\SYSTEM32\CRYPTBASE.DLL
0x00007ff932e50000 - 0x00007ff932f64000 	C:\Windows\System32\MSCTF.dll
0x00007ff92e8f0000 - 0x00007ff92e902000 	C:\Windows\SYSTEM32\kernel.appcore.dll
0x00007ff931160000 - 0x00007ff9311e2000 	C:\Windows\System32\bcryptPrimitives.dll
0x00007ff930660000 - 0x00007ff930672000 	C:\Windows\SYSTEM32\msasn1.dll
0x00007ff9232f0000 - 0x00007ff923321000 	C:\Windows\SYSTEM32\cryptnet.dll
0x00007ff9311f0000 - 0x00007ff93134e000 	C:\Windows\System32\CRYPT32.dll
0x00007ff9231a0000 - 0x00007ff9232e8000 	C:\Windows\SYSTEM32\drvstore.dll
0x00007ff930820000 - 0x00007ff93084c000 	C:\Windows\SYSTEM32\devobj.dll
0x00007ff930ba0000 - 0x00007ff930bee000 	C:\Windows\System32\cfgmgr32.dll
0x00007ff930bf0000 - 0x00007ff930c57000 	C:\Windows\System32\WINTRUST.DLL
0x00007ff931e30000 - 0x00007ff931e4d000 	C:\Windows\System32\imagehlp.dll
0x00007ff930430000 - 0x00007ff930448000 	C:\Windows\SYSTEM32\CRYPTSP.dll
0x00007ff92faa0000 - 0x00007ff92fad4000 	C:\Windows\system32\rsaenh.dll
0x00007ff930c60000 - 0x00007ff930c87000 	C:\Windows\System32\bcrypt.dll
0x00007ff9262e0000 - 0x00007ff92631b000 	C:\Windows\SYSTEM32\dxcore.dll
0x00007ff8a07a0000 - 0x00007ff8a0a71000 	C:\Windows\system32\nvspcap64.dll
0x00007ff92fbc0000 - 0x00007ff92fbf3000 	C:\Windows\SYSTEM32\ntmarta.dll
0x00007ff92f2a0000 - 0x00007ff92f2c3000 	C:\Windows\SYSTEM32\gpapi.dll
0x00007ff9030f0000 - 0x00007ff903139000 	C:\Program Files\Java\jdk1.8.0_211\jre\bin\fontmanager.dll
0x00007ff917c70000 - 0x00007ff917d6a000 	C:\Windows\SYSTEM32\textinputframework.dll
0x00007ff92e000000 - 0x00007ff92e0f2000 	C:\Windows\System32\CoreMessaging.dll
0x00007ff92d840000 - 0x00007ff92db9e000 	C:\Windows\System32\CoreUIComponents.dll
0x00007ff92c860000 - 0x00007ff92c9b4000 	C:\Windows\SYSTEM32\wintypes.dll
0x00007ff931b80000 - 0x00007ff931c29000 	C:\Windows\System32\clbcatq.dll
0x00007ff911920000 - 0x00007ff9119cc000 	C:\Windows\SYSTEM32\TextShaping.dll
0x00007ff9229a0000 - 0x00007ff922b84000 	C:\Windows\SYSTEM32\dbghelp.dll

VM Arguments:
jvm_args: -Dfile.encoding=UTF-8 
java_command: computershop.ComputerShop
java_class_path (initial): C:\Users\Vitaliy\Documents\NetBeansProjects\computerShop\build\classes
Launcher Type: SUN_STANDARD

Environment Variables:
JAVA_HOME=C:\Program Files\Java\jdk1.8.0_211
CLASSPATH=.;
PATH=C:\Program Files\Eclipse Adoptium\jdk-17.0.7.7-hotspot\bin;C:\Program Files (x86)\Common Files\Oracle\Java\javapath;C:\Program Files\Eclipse Adoptium\jre-8.0.362.9-hotspot\bin;C:\Program Files\Eclipse Adoptium\jre-18.0.2.101-hotspot\bin;C:\Program Files\AdoptOpenJDK\jdk-16.0.1.9-openj9\bin;C:\Program Files\Alacritty\;C:\Windows\system32;C:\Windows;C:\Windows\System32\Wbem;C:\Windows\System32\WindowsPowerShell\v1.0\;C:\Windows\System32\OpenSSH\;C:\ProgramData\chocolatey\bin;C:\Program Files\Git\cmd;C:\Program Files\nodejs\;C:\Program Files\PuTTY\;C:\Program Files\WireGuard\;C:\Program Files\Java\jdk1.8.0_211\bin;C:\Program Files\Calibre2\;C:\Program Files (x86)\NVIDIA Corporation\PhysX\Common;C:\Program Files\NVIDIA Corporation\NVIDIA NvDLISR;C:\Program Files\MATLAB\R2023a\bin;C:\Program Files\dotnet\;C:\Users\Vitaliy\AppData\Local\Microsoft\WindowsApps;C:\Users\Vitaliy\AppData\Local\GitHubDesktop\bin;C:\Users\Vitaliy\AppData\Roaming\npm;C:\Users\Vitaliy\AppData\Local\Programs\Microsoft VS Code\bin;C:\Program Files\JetBrains\IntelliJ IDEA Community Edition 2023.1\bin;
USERNAME=Vitaliy
OS=Windows_NT
PROCESSOR_IDENTIFIER=AMD64 Family 25 Model 80 Stepping 0, AuthenticAMD



---------------  S Y S T E M  ---------------

OS: Windows 10.0 , 64 bit Build 19041 (10.0.19041.2913)

CPU:total 12 (initial active 12) (12 cores per cpu, 1 threads per core) family 25 model 80 stepping 0, cmov, cx8, fxsr, mmx, sse, sse2, sse3, ssse3, sse4.1, sse4.2, popcnt, avx, avx2, aes, clmul, erms, mmxext, 3dnowpref, lzcnt, sse4a, tsc, tscinvbit, tscinv, bmi1

Memory: 4k page, physical 14528572k(4861376k free), swap 19331400k(5059664k free)

vm_info: Java HotSpot(TM) 64-Bit Server VM (25.211-b12) for windows-amd64 JRE (1.8.0_211-b12), built on Apr  1 2019 20:53:26 by "java_re" with MS VC++ 10.0 (VS2010)

time: Mon May 22 09:56:01 2023
timezone: W. Europe Daylight Time
elapsed time: 8 seconds (0d 0h 0m 8s)

